<?xml version="1.0" encoding="UTF-8"?>
<!-- Generated by org.testng.reporters.JUnitReportReporter -->
<testsuite hostname="LAPTOP-LLH2NADG" failures="0" tests="1" name="ProjectSalinka.TestCases" time="3.235" errors="0" timestamp="2023-08-11T21:05:10 BST" skipped="0">
  <testcase classname="ProjectSalinka.TestCases" name="SingUP" time="3.235"/>
  <system-out/>
</testsuite> <!-- ProjectSalinka.TestCases -->
