<?xml version="1.0" encoding="UTF-8"?>
<!-- Generated by org.testng.reporters.JUnitReportReporter -->
<testsuite hostname="LAPTOP-LLH2NADG" failures="0" tests="3" name="SinginTestCases" time="38.873" errors="0" timestamp="2023-08-12T13:51:12 BST" skipped="0">
  <testcase classname="SinginTestCases" name="SingIN1" time="16.073"/>
  <system-out/>
  <testcase classname="SinginTestCases" name="SingIN2" time="11.699"/>
  <system-out/>
  <testcase classname="SinginTestCases" name="SingIN3" time="11.101"/>
  <system-out/>
</testsuite> <!-- SinginTestCases -->
