<?xml version="1.0" encoding="UTF-8"?>
<!-- Generated by org.testng.reporters.JUnitReportReporter -->
<testsuite hostname="LAPTOP-LLH2NADG" failures="0" tests="1" name="ProjectSalinaka.ProductsTestCase" time="23.587" errors="0" timestamp="2023-08-12T13:51:12 BST" skipped="0">
  <testcase classname="ProjectSalinaka.ProductsTestCase" name="SelectingProduct" time="23.587"/>
  <system-out/>
</testsuite> <!-- ProjectSalinaka.ProductsTestCase -->
