<?xml version="1.0" encoding="UTF-8"?>
<!-- Generated by org.testng.reporters.JUnitReportReporter -->
<testsuite hostname="LAPTOP-LLH2NADG" failures="0" tests="3" name="ProjectSalinaka.SignUpTestCases" time="50.118" errors="0" timestamp="2023-08-12T13:51:12 BST" skipped="0">
  <testcase classname="ProjectSalinaka.SignUpTestCases" name="SingUP3" time="16.508"/>
  <system-out/>
  <testcase classname="ProjectSalinaka.SignUpTestCases" name="SingUP2" time="16.926"/>
  <system-out/>
  <testcase classname="ProjectSalinaka.SignUpTestCases" name="SingUP1" time="16.684"/>
  <system-out/>
</testsuite> <!-- ProjectSalinaka.SignUpTestCases -->
